[debug] [2020-06-13T08:24:37.868Z] ----------------------------------------------------------------------
[debug] [2020-06-13T08:24:37.886Z] Command:       C:\Program Files\nodejs\node.exe C:\Users\win 7\AppData\Roaming\npm\node_modules\firebase-tools\lib\bin\firebase.js deploy
[debug] [2020-06-13T08:24:37.886Z] CLI Version:   8.4.0
[debug] [2020-06-13T08:24:37.886Z] Platform:      win32
[debug] [2020-06-13T08:24:37.887Z] Node Version:  v11.5.0
[debug] [2020-06-13T08:24:37.949Z] Time:          Sat Jun 13 2020 13:54:37 GMT+0530 (GMT+05:30)
[debug] [2020-06-13T08:24:37.949Z] ----------------------------------------------------------------------
[debug] [2020-06-13T08:24:37.949Z] 
[debug] [2020-06-13T08:24:38.060Z] > command requires scopes: ["email","openid","https://www.googleapis.com/auth/cloudplatformprojects.readonly","https://www.googleapis.com/auth/firebase","https://www.googleapis.com/auth/cloud-platform"]
[debug] [2020-06-13T08:24:38.061Z] > authorizing via signed-in user
[debug] [2020-06-13T08:24:38.062Z] [iam] checking project psyment-0 for permissions ["firebase.projects.get","firebasehosting.sites.update"]
[debug] [2020-06-13T08:24:38.065Z] > refreshing access token with scopes: ["email","https://www.googleapis.com/auth/cloud-platform","https://www.googleapis.com/auth/cloudplatformprojects.readonly","https://www.googleapis.com/auth/firebase","openid"]
[debug] [2020-06-13T08:24:38.065Z] >>> HTTP REQUEST POST https://www.googleapis.com/oauth2/v3/token  
 <request body omitted>
[debug] [2020-06-13T08:24:50.219Z] [iam] error while checking permissions, command may fail: FirebaseError: Authentication Error: Your credentials are no longer valid. Please run firebase login --reauth

For CI servers and headless environments, generate a new token with firebase login:ci
[debug] [2020-06-13T08:24:50.221Z] > refreshing access token with scopes: ["email","https://www.googleapis.com/auth/cloud-platform","https://www.googleapis.com/auth/cloudplatformprojects.readonly","https://www.googleapis.com/auth/firebase","openid"]
[debug] [2020-06-13T08:24:50.221Z] >>> HTTP REQUEST POST https://www.googleapis.com/oauth2/v3/token  
 <request body omitted>
[debug] [2020-06-13T08:25:02.227Z] Authentication Error: Your credentials are no longer valid. Please run firebase login --reauth

For CI servers and headless environments, generate a new token with firebase login:ci
[debug] [2020-06-13T08:25:14.235Z] FirebaseError: Authentication Error: Your credentials are no longer valid. Please run firebase login --reauth

For CI servers and headless environments, generate a new token with firebase login:ci
    at Object.<anonymous> (C:\Users\win 7\AppData\Roaming\npm\node_modules\firebase-tools\lib\auth.js:23:32)
    at Module._compile (internal/modules/cjs/loader.js:721:30)
    at Object.Module._extensions..js (internal/modules/cjs/loader.js:732:10)
    at Module.load (internal/modules/cjs/loader.js:620:32)
    at tryModuleLoad (internal/modules/cjs/loader.js:560:12)
    at Function.Module._load (internal/modules/cjs/loader.js:552:3)
    at Module.require (internal/modules/cjs/loader.js:657:17)
    at require (internal/modules/cjs/helpers.js:22:18)
    at Object.<anonymous> (C:\Users\win 7\AppData\Roaming\npm\node_modules\firebase-tools\lib\commands\login.js:20:14)
    at Module._compile (internal/modules/cjs/loader.js:721:30)
    at Object.Module._extensions..js (internal/modules/cjs/loader.js:732:10)
    at Module.load (internal/modules/cjs/loader.js:620:32)
    at tryModuleLoad (internal/modules/cjs/loader.js:560:12)
    at Function.Module._load (internal/modules/cjs/loader.js:552:3)
    at Module.require (internal/modules/cjs/loader.js:657:17)
    at require (internal/modules/cjs/helpers.js:22:18)
[error] 
[error] Error: Failed to get Firebase project psyment-0. Please make sure the project exists and your account has permission to access it.
